[0.140s] Invoking command in '/home/pi/C.C/test/RobotVision/obstacles_detection/build/interfaces': /usr/bin/cmake --build /home/pi/C.C/test/RobotVision/obstacles_detection/build/interfaces -- -j4 -l4
[0.258s] -- Found ament_cmake: 0.9.11 (/opt/ros/foxy/share/ament_cmake/cmake)
[0.381s] -- Found PythonInterp: /usr/bin/python3 (found suitable version "3.8.10", minimum required is "3") 
[0.382s] -- Using PYTHON_EXECUTABLE: /usr/bin/python3
[1.607s] -- Found rosidl_default_generators: 1.0.1 (/opt/ros/foxy/share/rosidl_default_generators/cmake)
[1.623s] -- Using all available rosidl_typesupport_c: rosidl_typesupport_fastrtps_c;rosidl_typesupport_introspection_c
[1.642s] -- Found rosidl_adapter: 1.3.0 (/opt/ros/foxy/share/rosidl_adapter/cmake)
[2.584s] -- Using all available rosidl_typesupport_cpp: rosidl_typesupport_fastrtps_cpp;rosidl_typesupport_introspection_cpp
[2.788s] -- Found PythonInterp: /usr/bin/python3 (found version "3.8.10") 
[3.270s] Error parsing '/home/pi/C.C/test/RobotVision/obstacles_detection/src/interfaces/package.xml':
[3.622s] Traceback (most recent call last):
[3.624s]   File "/opt/ros/foxy/share/ament_cmake_core/cmake/core/package_xml_2_cmake.py", line 143, in <module>
[3.625s]     main()
[3.626s]   File "/opt/ros/foxy/share/ament_cmake_core/cmake/core/package_xml_2_cmake.py", line 52, in main
[3.628s]     raise e
[3.629s]   File "/opt/ros/foxy/share/ament_cmake_core/cmake/core/package_xml_2_cmake.py", line 48, in main
[3.630s]     package = parse_package_string(
[3.631s]   File "/usr/lib/python3/dist-packages/catkin_pkg/package.py", line 788, in parse_package_string
[3.633s]     pkg.validate(warnings=warnings)
[3.634s]   File "/usr/lib/python3/dist-packages/catkin_pkg/package.py", line 330, in validate
[3.635s]     raise InvalidPackage('\n'.join(errors), self.filename)
[3.636s] catkin_pkg.package.InvalidPackage: Error(s) in package '/home/pi/C.C/test/RobotVision/obstacles_detection/src/interfaces/package.xml':
[3.637s] Invalid email "teamc.c2022" for person "teamc.c2022"
[3.720s] CMake Error at /opt/ros/foxy/share/ament_cmake_core/cmake/core/ament_package_xml.cmake:94 (message):
[3.720s]   execute_process(/usr/bin/python3
[3.721s]   /opt/ros/foxy/share/ament_cmake_core/cmake/core/package_xml_2_cmake.py
[3.721s]   /home/pi/C.C/test/RobotVision/obstacles_detection/src/interfaces/package.xml
[3.722s]   /home/pi/C.C/test/RobotVision/obstacles_detection/build/interfaces/ament_cmake_core/package.cmake)
[3.722s]   returned error code 1
[3.722s] Call Stack (most recent call first):
[3.723s]   /opt/ros/foxy/share/ament_cmake_core/cmake/core/ament_package_xml.cmake:49 (_ament_package_xml)
[3.723s]   /opt/ros/foxy/share/rosidl_cmake/cmake/rosidl_generate_interfaces.cmake:226 (ament_package_xml)
[3.724s]   CMakeLists.txt:26 (rosidl_generate_interfaces)
[3.724s] 
[3.724s] 
[3.729s] -- Configuring incomplete, errors occurred!
[3.730s] See also "/home/pi/C.C/test/RobotVision/obstacles_detection/build/interfaces/CMakeFiles/CMakeOutput.log".
[3.742s] make: *** [Makefile:748: cmake_check_build_system] Error 1
[3.748s] Invoked command in '/home/pi/C.C/test/RobotVision/obstacles_detection/build/interfaces' returned '2': /usr/bin/cmake --build /home/pi/C.C/test/RobotVision/obstacles_detection/build/interfaces -- -j4 -l4
