[0.144s] Invoking command in '/home/pi/C.C/test/RobotVision/obstacles_detection/build/interfaces': /usr/bin/cmake --build /home/pi/C.C/test/RobotVision/obstacles_detection/build/interfaces -- -j4 -l4
[0.293s] -- Found ament_cmake: 0.9.11 (/opt/ros/foxy/share/ament_cmake/cmake)
[0.424s] -- Found PythonInterp: /usr/bin/python3 (found suitable version "3.8.10", minimum required is "3") 
[0.425s] -- Using PYTHON_EXECUTABLE: /usr/bin/python3
[1.579s] -- Found rosidl_default_generators: 1.0.1 (/opt/ros/foxy/share/rosidl_default_generators/cmake)
[1.590s] -- Using all available rosidl_typesupport_c: rosidl_typesupport_fastrtps_c;rosidl_typesupport_introspection_c
[1.608s] -- Found rosidl_adapter: 1.3.0 (/opt/ros/foxy/share/rosidl_adapter/cmake)
[2.824s] -- Using all available rosidl_typesupport_cpp: rosidl_typesupport_fastrtps_cpp;rosidl_typesupport_introspection_cpp
[3.089s] -- Found PythonInterp: /usr/bin/python3 (found version "3.8.10") 
[3.748s] Error parsing '/home/pi/C.C/test/RobotVision/obstacles_detection/src/interfaces/package.xml':
[4.272s] Traceback (most recent call last):
[4.274s]   File "/opt/ros/foxy/share/ament_cmake_core/cmake/core/package_xml_2_cmake.py", line 143, in <module>
[4.276s]     main()
[4.277s]   File "/opt/ros/foxy/share/ament_cmake_core/cmake/core/package_xml_2_cmake.py", line 52, in main
[4.279s]     raise e
[4.286s]   File "/opt/ros/foxy/share/ament_cmake_core/cmake/core/package_xml_2_cmake.py", line 48, in main
[4.287s]     package = parse_package_string(
[4.293s]   File "/usr/lib/python3/dist-packages/catkin_pkg/package.py", line 788, in parse_package_string
[4.294s]     pkg.validate(warnings=warnings)
[4.295s]   File "/usr/lib/python3/dist-packages/catkin_pkg/package.py", line 330, in validate
[4.297s]     raise InvalidPackage('\n'.join(errors), self.filename)
[4.326s] catkin_pkg.package.InvalidPackage: Error(s) in package '/home/pi/C.C/test/RobotVision/obstacles_detection/src/interfaces/package.xml':
[4.333s] Invalid email "teamc.c2022" for person "teamc.c2022"
[4.392s] CMake Error at /opt/ros/foxy/share/ament_cmake_core/cmake/core/ament_package_xml.cmake:94 (message):
[4.392s]   execute_process(/usr/bin/python3
[4.393s]   /opt/ros/foxy/share/ament_cmake_core/cmake/core/package_xml_2_cmake.py
[4.393s]   /home/pi/C.C/test/RobotVision/obstacles_detection/src/interfaces/package.xml
[4.393s]   /home/pi/C.C/test/RobotVision/obstacles_detection/build/interfaces/ament_cmake_core/package.cmake)
[4.403s]   returned error code 1
[4.405s] Call Stack (most recent call first):
[4.406s]   /opt/ros/foxy/share/ament_cmake_core/cmake/core/ament_package_xml.cmake:49 (_ament_package_xml)
[4.411s]   /opt/ros/foxy/share/rosidl_cmake/cmake/rosidl_generate_interfaces.cmake:226 (ament_package_xml)
[4.416s]   CMakeLists.txt:26 (rosidl_generate_interfaces)
[4.418s] 
[4.418s] 
[4.419s] -- Configuring incomplete, errors occurred!
[4.420s] See also "/home/pi/C.C/test/RobotVision/obstacles_detection/build/interfaces/CMakeFiles/CMakeOutput.log".
[4.423s] make: *** [Makefile:748: cmake_check_build_system] Error 1
[4.430s] Invoked command in '/home/pi/C.C/test/RobotVision/obstacles_detection/build/interfaces' returned '2': /usr/bin/cmake --build /home/pi/C.C/test/RobotVision/obstacles_detection/build/interfaces -- -j4 -l4
